<?xml version="1.0" encoding="UTF-8"?>
<testng-results skipped="0" failed="0" ignored="0" total="1" passed="1">
  <reporter-output>
  </reporter-output>
  <suite name="Default suite" duration-ms="99070" started-at="2020-08-15T20:34:22Z" finished-at="2020-08-15T20:36:01Z">
    <groups>
    </groups>
    <test name="Default test" duration-ms="99070" started-at="2020-08-15T20:34:22Z" finished-at="2020-08-15T20:36:01Z">
      <class name="test.Module1Test">
        <test-method status="PASS" signature="startService()[pri:0, instance:test.Module1Test@627551fb]" name="startService" is-config="true" duration-ms="8170" started-at="2020-08-15T20:34:22Z" finished-at="2020-08-15T20:34:30Z">
          <reporter-output>
          </reporter-output>
        </test-method> <!-- startService -->
        <test-method status="PASS" signature="totalValidation()[pri:0, instance:test.Module1Test@627551fb]" name="totalValidation" duration-ms="90804" started-at="2020-08-15T20:34:30Z" finished-at="2020-08-15T20:36:01Z">
          <reporter-output>
          </reporter-output>
        </test-method> <!-- totalValidation -->
        <test-method status="PASS" signature="stopService()[pri:0, instance:test.Module1Test@627551fb]" name="stopService" is-config="true" duration-ms="50" started-at="2020-08-15T20:36:01Z" finished-at="2020-08-15T20:36:01Z">
          <reporter-output>
          </reporter-output>
        </test-method> <!-- stopService -->
      </class> <!-- test.Module1Test -->
    </test> <!-- Default test -->
  </suite> <!-- Default suite -->
</testng-results>
